verification result:
spin -a  Pablo-a.pml
gcc-4 -DMEMLIM=1024 -O2 -DXUSAFE -DSAFETY -DNOCLAIM -w -o pan pan.c
./pan -m10000  -A
Pid: 4596
error: max search depth too small

(Spin Version 6.1.0 -- 4 May 2011)
	+ Partial Order Reduction

Full statespace search for:
	never claim         	- (not selected)
	assertion violations	- (disabled by -A flag)
	cycle checks       	- (disabled by -DSAFETY)
	invalid end states	+

State-vector 368 byte, depth reached 9999, errors: 0
    55727 states, stored
    44294 states, matched
   100021 transitions (= stored+matched)
        0 atomic steps
hash conflicts:      1431 (resolved)

   22.754	memory usage (Mbyte)

unreached in proctype chief
	Pablo-a.pml:25, state 9, "-end-"
	(1 of 9 states)
unreached in proctype customer
	(0 of 38 states)
unreached in init
	(0 of 10 states)

pan: elapsed time 0.096 seconds
No errors found -- did you verify all claims?


