spin -a  Pablo-c.pml
gcc-4 -DMEMLIM=1024 -O2 -DXUSAFE -DSAFETY -DNOCLAIM -w -o pan pan.c
./pan -m10000 
Pid: 4248
Depth=     264 States=    1e+06 Transitions= 1.39e+06 Memory=   426.855	t=     2.12 R=   5e+05
Depth=     264 States=    2e+06 Transitions= 2.78e+06 Memory=   851.465	t=     5.59 R=   4e+05
pan: resizing hashtable to -w21..  done
pan: reached -DMEMLIM bound
	1.07366e+09 bytes used
	102400 bytes more needed
	1.07374e+09 bytes limit
hint: to reduce memory, recompile with
  -DCOLLAPSE # good, fast compression, or
  -DMA=430   # better/slower compression, or
  -DHC # hash-compaction, approximation
  -DBITSTATE # supertrace, approximation

(Spin Version 6.1.0 -- 4 May 2011)
Warning: Search not completed
	+ Partial Order Reduction

Full statespace search for:
	never claim         	- (not selected)
	assertion violations	+
	cycle checks       	- (disabled by -DSAFETY)
	invalid end states	+

State-vector 430 byte, depth reached 264, errors: 0
  2388507 states, stored
   942934 states, matched
  3331441 transitions (= stored+matched)
        0 atomic steps
hash conflicts:   2484941 (resolved)

 1023.918	memory usage (Mbyte)


pan: elapsed time 7.32 seconds
No errors found -- did you verify all claims?


