This is pdfTeX, Version 3.1415926-1.40.10 (MiKTeX 2.8) (preloaded format=pdflatex 2010.9.24)  18 DEC 2011 22:54
entering extended mode
**C:/Users/Nicolas/Documents/INSA/Erasmus/cours-newcastle/Interaction*Design/te
mplateCourseWork.tex

("C:/Users/Nicolas/Documents/INSA/Erasmus/cours-newcastle/Interaction Design/te
mplateCourseWork.tex"
LaTeX2e <2009/09/24>
Babel <v3.8l> and hyphenation patterns for english, dumylang, nohyphenation, ge
rman, ngerman, german-x-2009-06-19, ngerman-x-2009-06-19, french, loaded.
("C:\Program Files (x86)\MiKTeX 2.8\tex\latex\base\article.cls"
Document Class: article 2007/10/19 v1.4h Standard LaTeX document class
("C:\Program Files (x86)\MiKTeX 2.8\tex\latex\base\size12.clo"
File: size12.clo 2007/10/19 v1.4h Standard LaTeX file (size option)
)
\c@part=\count79
\c@section=\count80
\c@subsection=\count81
\c@subsubsection=\count82
\c@paragraph=\count83
\c@subparagraph=\count84
\c@figure=\count85
\c@table=\count86
\abovecaptionskip=\skip41
\belowcaptionskip=\skip42
\bibindent=\dimen102
)
("C:\Program Files (x86)\MiKTeX 2.8\tex\generic\babel\babel.sty"
Package: babel 2008/07/06 v3.8l The Babel package

*************************************
* Local config file bblopts.cfg used
*
("C:\Program Files (x86)\MiKTeX 2.8\tex\latex\00miktex\bblopts.cfg"
File: bblopts.cfg 2006/07/31 v1.0 MiKTeX 'babel' configuration
)
("C:\Program Files (x86)\MiKTeX 2.8\tex\generic\babel\english.ldf"
Language: english 2005/03/30 v3.3o English support from the babel system

("C:\Program Files (x86)\MiKTeX 2.8\tex\generic\babel\babel.def"
File: babel.def 2008/07/06 v3.8l Babel common definitions
\babel@savecnt=\count87
\U@D=\dimen103
)
\l@canadian = a dialect from \language\l@american 
\l@australian = a dialect from \language\l@british 
\l@newzealand = a dialect from \language\l@british 
))
("C:\Program Files (x86)\MiKTeX 2.8\tex\latex\graphics\graphicx.sty"
Package: graphicx 1999/02/16 v1.0f Enhanced LaTeX Graphics (DPC,SPQR)

("C:\Program Files (x86)\MiKTeX 2.8\tex\latex\graphics\keyval.sty"
Package: keyval 1999/03/16 v1.13 key=value parser (DPC)
\KV@toks@=\toks14
)
("C:\Program Files (x86)\MiKTeX 2.8\tex\latex\graphics\graphics.sty"
Package: graphics 2009/02/05 v1.0o Standard LaTeX Graphics (DPC,SPQR)

("C:\Program Files (x86)\MiKTeX 2.8\tex\latex\graphics\trig.sty"
Package: trig 1999/03/16 v1.09 sin cos tan (DPC)
)
("C:\Program Files (x86)\MiKTeX 2.8\tex\latex\00miktex\graphics.cfg"
File: graphics.cfg 2007/01/18 v1.5 graphics configuration of teTeX/TeXLive
)
Package graphics Info: Driver file: pdftex.def on input line 91.

("C:\Program Files (x86)\MiKTeX 2.8\tex\latex\pdftex-def\pdftex.def"
File: pdftex.def 2010/02/14 v0.04n Graphics/color for pdfTeX
\Gread@gobject=\count88
))
\Gin@req@height=\dimen104
\Gin@req@width=\dimen105
)
("C:\Users\Nicolas\Documents\INSA\Erasmus\cours-newcastle\Interaction Design\te
mplateCourseWork.aux")
LaTeX Font Info:    Checking defaults for OML/cmm/m/it on input line 79.
LaTeX Font Info:    ... okay on input line 79.
LaTeX Font Info:    Checking defaults for T1/cmr/m/n on input line 79.
LaTeX Font Info:    ... okay on input line 79.
LaTeX Font Info:    Checking defaults for OT1/cmr/m/n on input line 79.
LaTeX Font Info:    ... okay on input line 79.
LaTeX Font Info:    Checking defaults for OMS/cmsy/m/n on input line 79.
LaTeX Font Info:    ... okay on input line 79.
LaTeX Font Info:    Checking defaults for OMX/cmex/m/n on input line 79.
LaTeX Font Info:    ... okay on input line 79.
LaTeX Font Info:    Checking defaults for U/cmr/m/n on input line 79.
LaTeX Font Info:    ... okay on input line 79.

("C:\Program Files (x86)\MiKTeX 2.8\tex\context\base\supp-pdf.tex"
[Loading MPS to PDF converter (version 2006.09.02).]
\scratchcounter=\count89
\scratchdimen=\dimen106
\scratchbox=\box26
\nofMPsegments=\count90
\nofMParguments=\count91
\everyMPshowfont=\toks15
\MPscratchCnt=\count92
\MPscratchDim=\dimen107
\MPnumerator=\count93
\everyMPtoPDFconversion=\toks16
) <../../Newcastle-University.jpg, id=1, 417.05812pt x 146.79843pt>
File: ../../Newcastle-University.jpg Graphic file (type jpg)

<use ../../Newcastle-University.jpg>
LaTeX Font Info:    Try loading font information for OT1+ptm on input line 80.

("C:\Program Files (x86)\MiKTeX 2.8\tex\latex\psnfss\ot1ptm.fd"
File: ot1ptm.fd 2001/06/04 font definitions for OT1/ptm.
)
LaTeX Font Info:    Try loading font information for OT1+phv on input line 80.

("C:\Program Files (x86)\MiKTeX 2.8\tex\latex\psnfss\ot1phv.fd"
File: ot1phv.fd 2001/06/04 scalable font definitions for OT1/phv.
)
<Metro-Wiki-logo.png, id=2, 144.54pt x 172.645pt>
File: Metro-Wiki-logo.png Graphic file (type png)
 <use Metro-Wiki-logo.png>
[1

{C:/ProgramData/MiKTeX/2.8/pdftex/config/pdftex.map} <C:/Users/Nicolas/Document
s/INSA/Erasmus/Newcastle-University.jpg> <C:/Users/Nicolas/Documents/INSA/Erasm
us/cours-newcastle/Interaction Design/Metro-Wiki-logo.png (PNG copy)>]
("C:\Users\Nicolas\Documents\INSA\Erasmus\cours-newcastle\Interaction Design\te
mplateCourseWork.toc"
LaTeX Font Info:    External font `cmex10' loaded for size
(Font)              <12> on input line 8.
LaTeX Font Info:    External font `cmex10' loaded for size
(Font)              <8> on input line 8.
LaTeX Font Info:    External font `cmex10' loaded for size
(Font)              <6> on input line 8.
)
\tf@toc=\write3
 [2

] <metro.jpg, id=14, 342.27875pt x 513.92pt>
File: metro.jpg Graphic file (type jpg)

<use metro.jpg> [3 <C:/Users/Nicolas/Documents/INSA/Erasmus/cours-newcastle/Int
eraction Design/metro.jpg>] [4]
LaTeX Font Info:    Try loading font information for OMS+cmr on input line 110.


("C:\Program Files (x86)\MiKTeX 2.8\tex\latex\base\omscmr.fd"
File: omscmr.fd 1999/05/25 v2.5h Standard LaTeX font definitions
)
LaTeX Font Info:    Font shape `OMS/cmr/m/n' in size <12> not available
(Font)              Font shape `OMS/cmsy/m/n' tried instead on input line 110.
 [5]
<diagramm.png, id=25, 536.75531pt x 354.57469pt>
File: diagramm.png Graphic file (type png)
 <use diagramm.png> [6]
<ID.png, id=29, 1585.925pt x 742.775pt>
File: ID.png Graphic file (type png)
 <use ID.png>
Overfull \hbox (98.02644pt too wide) in paragraph at lines 164--166
[]  [] 
 []


LaTeX Warning: `!h' float specifier changed to `!ht'.

<interaction1.png, id=31, 845.40843pt x 597.73312pt>
File: interaction1.png Graphic file (type png)
 <use interaction1.png>
[7 <C:/Users/Nicolas/Documents/INSA/Erasmus/cours-newcastle/Interaction Design/
diagramm.png (PNG copy)>]

LaTeX Warning: `!h' float specifier changed to `!ht'.

[8 <C:/Users/Nicolas/Documents/INSA/Erasmus/cours-newcastle/Interaction Design/
ID.png>] [9 <C:/Users/Nicolas/Documents/INSA/Erasmus/cours-newcastle/Interactio
n Design/interaction1.png>]
<interaction6.png, id=43, 845.40843pt x 341.02406pt>
File: interaction6.png Graphic file (type png)
 <use interaction6.png>
<interaction2.png, id=44, 845.40843pt x 597.73312pt>
File: interaction2.png Graphic file (type png)
 <use interaction2.png>
[10 <C:/Users/Nicolas/Documents/INSA/Erasmus/cours-newcastle/Interaction Design
/interaction6.png>] <interaction4.png, id=49, 845.40843pt x 597.73312pt>
File: interaction4.png Graphic file (type png)

<use interaction4.png>

LaTeX Warning: `!h' float specifier changed to `!ht'.

[11 <C:/Users/Nicolas/Documents/INSA/Erasmus/cours-newcastle/Interaction Design
/interaction2.png>] [12 <C:/Users/Nicolas/Documents/INSA/Erasmus/cours-newcastl
e/Interaction Design/interaction4.png>] [13]
("C:\Users\Nicolas\Documents\INSA\Erasmus\cours-newcastle\Interaction Design\te
mplateCourseWork.lof")
\tf@lof=\write4

("C:\Users\Nicolas\Documents\INSA\Erasmus\cours-newcastle\Interaction Design\te
mplateCourseWork.bbl"
Overfull \hbox (46.46863pt too wide) in paragraph at lines 4--8
[]\OT1/cmr/m/n/12 T. dot Org.  Ty-ne-side dot org.  http://www.tyneside.org.uk/
travel/metroroute.htm.
 []


Underfull \hbox (badness 10000) in paragraph at lines 10--14
[]\OT1/cmr/m/n/12 Wikipedia.  Tyne and wear metro.
 []

) [14]
("C:\Users\Nicolas\Documents\INSA\Erasmus\cours-newcastle\Interaction Design\te
mplateCourseWork.aux") ) 
Here is how much of TeX's memory you used:
 1406 strings out of 495285
 19094 string characters out of 3179872
 69645 words of memory out of 3000000
 4608 multiletter control sequences out of 15000+200000
 13506 words of font info for 35 fonts, out of 3000000 for 9000
 14 hyphenation exceptions out of 8191
 25i,8n,19p,680b,234s stack positions out of 5000i,500n,10000p,200000b,50000s
{C:/Program Files (x86)/MiKTeX 2.8/fonts/enc/dvips/font
name/8r.enc}<C:/Program Files (x86)/MiKTeX 2.8/fonts/type1/public/amsfonts/cm/c
mbx12.pfb><C:/Program Files (x86)/MiKTeX 2.8/fonts/type1/public/amsfonts/cm/cmr
12.pfb><C:/Program Files (x86)/MiKTeX 2.8/fonts/type1/public/amsfonts/cm/cmsy10
.pfb><C:/Program Files (x86)/MiKTeX 2.8/fonts/type1/urw/helvetic/uhvr8a.pfb><C:
/Program Files (x86)/MiKTeX 2.8/fonts/type1/urw/times/utmr8a.pfb>
Output written on templateCourseWork.pdf (14 pages, 367592 bytes).
PDF statistics:
 81 PDF objects out of 1000 (max. 8388607)
 0 named destinations out of 1000 (max. 500000)
 46 words of extra memory for PDF output out of 10000 (max. 10000000)

